Log file open, 03/02/18 15:52:24
LogWindows: Failed to load 'aqProf.dll' (GetLastError=126)
LogWindows: File 'aqProf.dll' does not exist
LogWindows: Failed to load 'VSPerf140.dll' (GetLastError=126)
LogWindows: File 'VSPerf140.dll' does not exist
LogWindows: Failed to load 'VtuneApi.dll' (GetLastError=126)
LogWindows: File 'VtuneApi.dll' does not exist
LogWindows: Failed to load 'VtuneApi32e.dll' (GetLastError=126)
LogWindows: File 'VtuneApi32e.dll' does not exist
LogInit: Display: Running engine for game: FarmDefence
LogPlatformFile: Not using cached read wrapper
LogInit: Display: RandInit(429187906) SRandInit(429187906).
LogInit: Read version file with build ID '3709383'
LogInit: Overriding engine version to CL 3832480, compatible CL 3709383
LogInit: Registered custom module enumerator with build ID '3709383'
LogTaskGraph: Started task graph with 5 named threads and 14 total threads with 3 sets of task threads.
LogStats: Stats thread started at 0.218159
LogD3D11RHI: Aftermath initialized
LogPluginManager: Mounting plugin Paper2D
LogPluginManager: Mounting plugin LightPropagationVolume
LogPluginManager: Mounting plugin CodeLiteSourceCodeAccess
LogPluginManager: Mounting plugin GitSourceControl
LogPluginManager: Mounting plugin KDevelopSourceCodeAccess
LogPluginManager: Mounting plugin NullSourceCodeAccess
LogPluginManager: Mounting plugin PerforceSourceControl
LogPluginManager: Mounting plugin SubversionSourceControl
LogPluginManager: Mounting plugin UObjectPlugin
LogPluginManager: Mounting plugin VisualStudioCodeSourceCodeAccess
LogPluginManager: Mounting plugin VisualStudioSourceCodeAccess
LogPluginManager: Mounting plugin XCodeSourceCodeAccess
LogPluginManager: Mounting plugin AssetManagerEditor
LogPluginManager: Mounting plugin AudioCapture
LogPluginManager: Mounting plugin FacialAnimation
LogPluginManager: Mounting plugin GameplayTagsEditor
LogPluginManager: Mounting plugin MobileLauncherProfileWizard
LogPluginManager: Mounting plugin PluginBrowser
LogPluginManager: Mounting plugin SpeedTreeImporter
LogPluginManager: Mounting plugin AlembicImporter
LogPluginManager: Mounting plugin CharacterAI
LogPluginManager: Mounting plugin HTML5Networking
LogPluginManager: Mounting plugin AndroidMedia
LogPluginManager: Mounting plugin AvfMedia
LogPluginManager: Mounting plugin ImgMedia
LogPluginManager: Mounting plugin MediaCompositing
LogPluginManager: Mounting plugin MediaPlayerEditor
LogPluginManager: Mounting plugin WmfMedia
LogPluginManager: Mounting plugin TcpMessaging
LogPluginManager: Mounting plugin UdpMessaging
LogPluginManager: Mounting plugin ActorSequence
LogPluginManager: Mounting plugin LevelSequenceEditor
LogPluginManager: Mounting plugin MatineeToLevelSequence
LogPluginManager: Mounting plugin OnlineSubsystemGooglePlay
LogPluginManager: Mounting plugin OnlineSubsystemIOS
LogPluginManager: Mounting plugin OnlineSubsystem
LogPluginManager: Mounting plugin OnlineSubsystemNull
LogPluginManager: Mounting plugin OnlineSubsystemUtils
LogPluginManager: Mounting plugin AndroidDeviceProfileSelector
LogPluginManager: Mounting plugin AndroidMoviePlayer
LogPluginManager: Mounting plugin AndroidPermission
LogPluginManager: Mounting plugin AppleARKit
LogPluginManager: Mounting plugin AppleMoviePlayer
LogPluginManager: Mounting plugin ArchVisCharacter
LogPluginManager: Mounting plugin CableComponent
LogPluginManager: Mounting plugin CustomMeshComponent
LogPluginManager: Mounting plugin ExampleDeviceProfileSelector
LogPluginManager: Mounting plugin GoogleCloudMessaging
LogPluginManager: Mounting plugin ImmediatePhysics
LogPluginManager: Mounting plugin IOSDeviceProfileSelector
LogPluginManager: Mounting plugin LinuxDeviceProfileSelector
LogPluginManager: Mounting plugin LocationServicesBPLibrary
LogPluginManager: Mounting plugin MobilePatchingUtils
LogPluginManager: Mounting plugin OculusVR
LogPluginManager: Plugin shader directory ../../../Engine/Plugins/Runtime/Oculus/OculusVR/Shaders found
LogPluginManager: Mapping shader source directory ../../../Engine/Plugins/Runtime/Oculus/OculusVR/Shaders to virtual directory /Plugin/OculusVR
LogPluginManager: Mounting plugin PhysXVehicles
LogPluginManager: Mounting plugin ProceduralMeshComponent
LogPluginManager: Mounting plugin RuntimePhysXCooking
LogPluginManager: Mounting plugin SteamVR
LogPluginManager: Mounting plugin WindowsMoviePlayer
LogModuleManager: Display: Found up-to-date module file F:/UE4 Tutorials/FarmDefence/FarmDefence/Binaries/Win64/UE4Editor-FarmDefence.dll (API version 3709383).
LogModuleManager: Display: Found up-to-date module file ../../../Engine/Plugins/2D/Paper2D/Binaries/Win64/UE4Editor-Paper2D.dll (API version 3709383).
LogModuleManager: Display: Found up-to-date module file ../../../Engine/Plugins/2D/Paper2D/Binaries/Win64/UE4Editor-Paper2DEditor.dll (API version 3709383).
LogModuleManager: Display: Found up-to-date module file ../../../Engine/Plugins/2D/Paper2D/Binaries/Win64/UE4Editor-PaperSpriteSheetImporter.dll (API version 3709383).
LogModuleManager: Display: Found up-to-date module file ../../../Engine/Plugins/2D/Paper2D/Binaries/Win64/UE4Editor-PaperTiledImporter.dll (API version 3709383).
LogModuleManager: Display: Found up-to-date module file ../../../Engine/Plugins/2D/Paper2D/Binaries/Win64/UE4Editor-SmartSnapping.dll (API version 3709383).
LogModuleManager: Display: Found up-to-date module file ../../../Engine/Plugins/Blendables/LightPropagationVolume/Binaries/Win64/UE4Editor-LightPropagationVolumeRuntime.dll (API version 3709383).
LogModuleManager: Display: Found up-to-date module file ../../../Engine/Plugins/Blendables/LightPropagationVolume/Binaries/Win64/UE4Editor-LightPropagationVolumeEditor.dll (API version 3709383).
LogModuleManager: Display: Found up-to-date module file ../../../Engine/Plugins/Developer/GitSourceControl/Binaries/Win64/UE4Editor-GitSourceControl.dll (API version 3709383).
LogModuleManager: Display: Found up-to-date module file ../../../Engine/Plugins/Developer/PerforceSourceControl/Binaries/Win64/UE4Editor-PerforceSourceControl.dll (API version 3709383).
LogModuleManager: Display: Found up-to-date module file ../../../Engine/Plugins/Developer/SubversionSourceControl/Binaries/Win64/UE4Editor-SubversionSourceControl.dll (API version 3709383).
LogModuleManager: Display: Found up-to-date module file ../../../Engine/Plugins/Developer/UObjectPlugin/Binaries/Win64/UE4Editor-UObjectPlugin.dll (API version 3709383).
LogModuleManager: Display: Found up-to-date module file ../../../Engine/Plugins/Developer/VisualStudioCodeSourceCodeAccess/Binaries/Win64/UE4Editor-VisualStudioCodeSourceCodeAccess.dll (API version 3709383).
LogModuleManager: Display: Found up-to-date module file ../../../Engine/Plugins/Developer/VisualStudioSourceCodeAccess/Binaries/Win64/UE4Editor-VisualStudioSourceCodeAccess.dll (API version 3709383).
LogModuleManager: Display: Found up-to-date module file ../../../Engine/Plugins/Editor/AssetManagerEditor/Binaries/Win64/UE4Editor-AssetManagerEditor.dll (API version 3709383).
LogModuleManager: Display: Found up-to-date module file ../../../Engine/Plugins/Editor/AudioCapture/Binaries/Win64/UE4Editor-AudioCapture.dll (API version 3709383).
LogModuleManager: Display: Found up-to-date module file ../../../Engine/Plugins/Editor/FacialAnimation/Binaries/Win64/UE4Editor-FacialAnimation.dll (API version 3709383).
LogModuleManager: Display: Found up-to-date module file ../../../Engine/Plugins/Editor/FacialAnimation/Binaries/Win64/UE4Editor-FacialAnimationEditor.dll (API version 3709383).
LogModuleManager: Display: Found up-to-date module file ../../../Engine/Plugins/Editor/GameplayTagsEditor/Binaries/Win64/UE4Editor-GameplayTagsEditor.dll (API version 3709383).
LogModuleManager: Display: Found up-to-date module file ../../../Engine/Plugins/Editor/MobileLauncherProfileWizard/Binaries/Win64/UE4Editor-MobileLauncherProfileWizard.dll (API version 3709383).
LogModuleManager: Display: Found up-to-date module file ../../../Engine/Plugins/Editor/PluginBrowser/Binaries/Win64/UE4Editor-PluginBrowser.dll (API version 3709383).
LogModuleManager: Display: Found up-to-date module file ../../../Engine/Plugins/Editor/SpeedTreeImporter/Binaries/Win64/UE4Editor-SpeedTreeImporter.dll (API version 3709383).
LogModuleManager: Display: Found up-to-date module file ../../../Engine/Plugins/Experimental/AlembicImporter/Binaries/Win64/UE4Editor-AlembicImporter.dll (API version 3709383).
LogModuleManager: Display: Found up-to-date module file ../../../Engine/Plugins/Experimental/AlembicImporter/Binaries/Win64/UE4Editor-AlembicLibrary.dll (API version 3709383).
LogModuleManager: Display: Found up-to-date module file ../../../Engine/Plugins/Experimental/CharacterAI/Binaries/Win64/UE4Editor-CharacterAI.dll (API version 3709383).
LogModuleManager: Display: Found up-to-date module file ../../../Engine/Plugins/Experimental/HTML5Networking/Binaries/Win64/UE4Editor-HTML5Networking.dll (API version 3709383).
LogModuleManager: Display: Found up-to-date module file ../../../Engine/Plugins/Media/AndroidMedia/Binaries/Win64/UE4Editor-AndroidMediaEditor.dll (API version 3709383).
LogModuleManager: Display: Found up-to-date module file ../../../Engine/Plugins/Media/AndroidMedia/Binaries/Win64/UE4Editor-AndroidMediaFactory.dll (API version 3709383).
LogModuleManager: Display: Found up-to-date module file ../../../Engine/Plugins/Media/AvfMedia/Binaries/Win64/UE4Editor-AvfMediaEditor.dll (API version 3709383).
LogModuleManager: Display: Found up-to-date module file ../../../Engine/Plugins/Media/AvfMedia/Binaries/Win64/UE4Editor-AvfMediaFactory.dll (API version 3709383).
LogModuleManager: Display: Found up-to-date module file ../../../Engine/Plugins/Media/AvfMedia/Binaries/Win64/UE4Editor-AvfMediaFactory.dll (API version 3709383).
LogModuleManager: Display: Found up-to-date module file ../../../Engine/Plugins/Media/ImgMedia/Binaries/Win64/UE4Editor-ImgMedia.dll (API version 3709383).
LogModuleManager: Display: Found up-to-date module file ../../../Engine/Plugins/Media/ImgMedia/Binaries/Win64/UE4Editor-ImgMediaEditor.dll (API version 3709383).
LogModuleManager: Display: Found up-to-date module file ../../../Engine/Plugins/Media/ImgMedia/Binaries/Win64/UE4Editor-ImgMediaFactory.dll (API version 3709383).
LogModuleManager: Display: Found up-to-date module file ../../../Engine/Plugins/Media/ImgMedia/Binaries/Win64/UE4Editor-ImgMediaFactory.dll (API version 3709383).
LogModuleManager: Display: Found up-to-date module file ../../../Engine/Plugins/Media/ImgMedia/Binaries/Win64/UE4Editor-OpenExrWrapper.dll (API version 3709383).
LogModuleManager: Display: Found up-to-date module file ../../../Engine/Plugins/Media/MediaCompositing/Binaries/Win64/UE4Editor-MediaCompositing.dll (API version 3709383).
LogModuleManager: Display: Found up-to-date module file ../../../Engine/Plugins/Media/MediaCompositing/Binaries/Win64/UE4Editor-MediaCompositingEditor.dll (API version 3709383).
LogModuleManager: Display: Found up-to-date module file ../../../Engine/Plugins/Media/MediaPlayerEditor/Binaries/Win64/UE4Editor-MediaPlayerEditor.dll (API version 3709383).
LogModuleManager: Display: Found up-to-date module file ../../../Engine/Plugins/Media/WmfMedia/Binaries/Win64/UE4Editor-WmfMedia.dll (API version 3709383).
LogModuleManager: Display: Found up-to-date module file ../../../Engine/Plugins/Media/WmfMedia/Binaries/Win64/UE4Editor-WmfMediaEditor.dll (API version 3709383).
LogModuleManager: Display: Found up-to-date module file ../../../Engine/Plugins/Media/WmfMedia/Binaries/Win64/UE4Editor-WmfMediaFactory.dll (API version 3709383).
LogModuleManager: Display: Found up-to-date module file ../../../Engine/Plugins/Media/WmfMedia/Binaries/Win64/UE4Editor-WmfMediaFactory.dll (API version 3709383).
LogModuleManager: Display: Found up-to-date module file ../../../Engine/Plugins/Messaging/TcpMessaging/Binaries/Win64/UE4Editor-TcpMessaging.dll (API version 3709383).
LogModuleManager: Display: Found up-to-date module file ../../../Engine/Plugins/Messaging/UdpMessaging/Binaries/Win64/UE4Editor-UdpMessaging.dll (API version 3709383).
LogModuleManager: Display: Found up-to-date module file ../../../Engine/Plugins/MovieScene/ActorSequence/Binaries/Win64/UE4Editor-ActorSequence.dll (API version 3709383).
LogModuleManager: Display: Found up-to-date module file ../../../Engine/Plugins/MovieScene/LevelSequenceEditor/Binaries/Win64/UE4Editor-LevelSequenceEditor.dll (API version 3709383).
LogModuleManager: Display: Found up-to-date module file ../../../Engine/Plugins/MovieScene/MatineeToLevelSequence/Binaries/Win64/UE4Editor-MatineeToLevelSequence.dll (API version 3709383).
LogModuleManager: Display: Found up-to-date module file ../../../Engine/Plugins/Online/OnlineSubsystem/Binaries/Win64/UE4Editor-OnlineSubsystem.dll (API version 3709383).
LogModuleManager: Display: Found up-to-date module file ../../../Engine/Plugins/Online/OnlineSubsystemNull/Binaries/Win64/UE4Editor-OnlineSubsystemNull.dll (API version 3709383).
LogModuleManager: Display: Found up-to-date module file ../../../Engine/Plugins/Online/OnlineSubsystemUtils/Binaries/Win64/UE4Editor-OnlineSubsystemUtils.dll (API version 3709383).
LogModuleManager: Display: Found up-to-date module file ../../../Engine/Plugins/Online/OnlineSubsystemUtils/Binaries/Win64/UE4Editor-OnlineBlueprintSupport.dll (API version 3709383).
LogModuleManager: Display: Found up-to-date module file ../../../Engine/Plugins/Runtime/AndroidDeviceProfileSelector/Binaries/Win64/UE4Editor-AndroidDeviceProfileSelector.dll (API version 3709383).
LogModuleManager: Display: Found up-to-date module file ../../../Engine/Plugins/Runtime/AndroidPermission/Binaries/Win64/UE4Editor-AndroidPermission.dll (API version 3709383).
LogModuleManager: Display: Found up-to-date module file ../../../Engine/Plugins/Runtime/AppleARKit/Binaries/Win64/UE4Editor-AppleARKit.dll (API version 3709383).
LogModuleManager: Display: Found up-to-date module file ../../../Engine/Plugins/Runtime/ArchVisCharacter/Binaries/Win64/UE4Editor-ArchVisCharacter.dll (API version 3709383).
LogModuleManager: Display: Found up-to-date module file ../../../Engine/Plugins/Runtime/CableComponent/Binaries/Win64/UE4Editor-CableComponent.dll (API version 3709383).
LogModuleManager: Display: Found up-to-date module file ../../../Engine/Plugins/Runtime/CustomMeshComponent/Binaries/Win64/UE4Editor-CustomMeshComponent.dll (API version 3709383).
LogModuleManager: Display: Found up-to-date module file ../../../Engine/Plugins/Runtime/ExampleDeviceProfileSelector/Binaries/Win64/UE4Editor-ExampleDeviceProfileSelector.dll (API version 3709383).
LogModuleManager: Display: Found up-to-date module file ../../../Engine/Plugins/Runtime/ImmediatePhysics/Binaries/Win64/UE4Editor-ImmediatePhysics.dll (API version 3709383).
LogModuleManager: Display: Found up-to-date module file ../../../Engine/Plugins/Runtime/ImmediatePhysics/Binaries/Win64/UE4Editor-ImmediatePhysicsEditor.dll (API version 3709383).
LogModuleManager: Display: Found up-to-date module file ../../../Engine/Plugins/Runtime/LocationServicesBPLibrary/Binaries/Win64/UE4Editor-LocationServicesBPLibrary.dll (API version 3709383).
LogModuleManager: Display: Found up-to-date module file ../../../Engine/Plugins/Runtime/MobilePatchingUtils/Binaries/Win64/UE4Editor-MobilePatchingUtils.dll (API version 3709383).
LogModuleManager: Display: Found up-to-date module file ../../../Engine/Plugins/Runtime/Oculus/OculusVR/Binaries/Win64/UE4Editor-OculusHMD.dll (API version 3709383).
LogModuleManager: Display: Found up-to-date module file ../../../Engine/Plugins/Runtime/Oculus/OculusVR/Binaries/Win64/UE4Editor-OculusInput.dll (API version 3709383).
LogModuleManager: Display: Found up-to-date module file ../../../Engine/Plugins/Runtime/Oculus/OculusVR/Binaries/Win64/UE4Editor-OculusEditor.dll (API version 3709383).
LogModuleManager: Display: Found up-to-date module file ../../../Engine/Plugins/Runtime/PhysXVehicles/Binaries/Win64/UE4Editor-PhysXVehicles.dll (API version 3709383).
LogModuleManager: Display: Found up-to-date module file ../../../Engine/Plugins/Runtime/PhysXVehicles/Binaries/Win64/UE4Editor-PhysXVehiclesEditor.dll (API version 3709383).
LogModuleManager: Display: Found up-to-date module file ../../../Engine/Plugins/Runtime/ProceduralMeshComponent/Binaries/Win64/UE4Editor-ProceduralMeshComponent.dll (API version 3709383).
LogModuleManager: Display: Found up-to-date module file ../../../Engine/Plugins/Runtime/ProceduralMeshComponent/Binaries/Win64/UE4Editor-ProceduralMeshComponentEditor.dll (API version 3709383).
LogModuleManager: Display: Found up-to-date module file ../../../Engine/Plugins/Runtime/RuntimePhysXCooking/Binaries/Win64/UE4Editor-RuntimePhysXCooking.dll (API version 3709383).
LogModuleManager: Display: Found up-to-date module file ../../../Engine/Plugins/Runtime/Steam/SteamVR/Binaries/Win64/UE4Editor-SteamVR.dll (API version 3709383).
LogModuleManager: Display: Found up-to-date module file ../../../Engine/Plugins/Runtime/Steam/SteamVR/Binaries/Win64/UE4Editor-SteamVRController.dll (API version 3709383).
LogModuleManager: Display: Found up-to-date module file ../../../Engine/Plugins/Runtime/WindowsMoviePlayer/Binaries/Win64/UE4Editor-WindowsMoviePlayer.dll (API version 3709383).
LogInit: Using libcurl 7.47.1
LogInit:  - built for x86_64-pc-win32
LogInit:  - supports SSL with OpenSSL/1.0.2g
LogInit:  - supports HTTP deflate (compression) using libz 1.2.8
LogInit:  - other features:
LogInit:      CURL_VERSION_SSL
LogInit:      CURL_VERSION_LIBZ
LogInit:      CURL_VERSION_IPV6
LogInit:      CURL_VERSION_ASYNCHDNS
LogInit:      CURL_VERSION_LARGEFILE
LogInit:      CURL_VERSION_IDN
LogInit:  CurlRequestOptions (configurable via config and command line):
LogInit:  - bVerifyPeer = false  - Libcurl will NOT verify peer certificate
LogInit:  - bUseHttpProxy = false  - Libcurl will NOT use HTTP proxy
LogInit:  - bDontReuseConnections = false  - Libcurl will reuse connections
LogInit:  - CertBundlePath = nullptr  - Libcurl will use whatever was configured at build time.
LogInit: Build: ++UE4+Release-4.18-CL-3832480
LogInit: Engine Version: 4.18.3-3832480+++UE4+Release-4.18
LogInit: Compatible Engine Version: 4.18.0-3709383+++UE4+Release-4.18
LogInit: Net CL: 3709383
LogDevObjectVersion: Number of dev versions registered: 16
LogDevObjectVersion:   Dev-Blueprints (B0D832E4-1F89-4F0D-ACCF-7EB736FD4AA2): 10
LogDevObjectVersion:   Dev-Build (E1C64328-A22C-4D53-A36C-8E866417BD8C): 0
LogDevObjectVersion:   Dev-Core (375EC13C-06E4-48FB-B500-84F0262A717E): 2
LogDevObjectVersion:   Dev-Editor (E4B068ED-F494-42E9-A231-DA0B2E46BB41): 20
LogDevObjectVersion:   Dev-Framework (CFFC743F-43B0-4480-9391-14DF171D2073): 30
LogDevObjectVersion:   Dev-Mobile (B02B49B5-BB20-44E9-A304-32B752E40360): 0
LogDevObjectVersion:   Dev-Networking (A4E4105C-59A1-49B5-A7C5-40C4547EDFEE): 0
LogDevObjectVersion:   Dev-Online (39C831C9-5AE6-47DC-9A44-9C173E1C8E7C): 0
LogDevObjectVersion:   Dev-Physics (78F01B33-EBEA-4F98-B9B4-84EACCB95AA2): 0
LogDevObjectVersion:   Dev-Platform (6631380F-2D4D-43E0-8009-CF276956A95A): 0
LogDevObjectVersion:   Dev-Rendering (12F88B9F-8875-4AFC-A67C-D90C383ABD29): 20
LogDevObjectVersion:   Dev-Sequencer (7B5AE74C-D270-4C10-A958-57980B212A5A): 4
LogDevObjectVersion:   Dev-VR (D7296918-1DD6-4BDD-9DE2-64A83CC13884): 0
LogDevObjectVersion:   Dev-LoadTimes (C2A15278-BFE7-4AFE-6C17-90FF531DF755): 1
LogDevObjectVersion:   Private-Geometry (6EACA3D4-40EC-4CC1-B786-8BED09428FC5): 1
LogDevObjectVersion:   Dev-AnimPhys (29E575DD-E0A3-4627-9D10-D276232CDCEA): 12
LogInit: Compiled (64-bit): Jan 12 2018 02:04:55
LogInit: Compiled with Visual C++: 19.00.24215.01
LogInit: Build Configuration: Development
LogInit: Branch Name: ++UE4+Release-4.18
LogInit: Command line:  
LogInit: Base directory: C:/Program Files/Epic Games/UE_4.18/Engine/Binaries/Win64/
LogInit: Installed Engine Build: 1
LogInit: Presizing for max 8388607 objects, including 0 objects not considered by GC, pre-allocating 0 bytes for permanent pool.
LogInit: Object subsystem initialized
[2018.03.02-06.52.28:100][  0]LogInit: Selected Device Profile: [Windows]
[2018.03.02-06.52.28:100][  0]LogInit: Applying CVar settings loaded from the selected device profile: [Windows]
[2018.03.02-06.52.28:147][  0]LogInit: Computer: DESKTOP-3NM1IMD
[2018.03.02-06.52.28:147][  0]LogInit: User: oldcl
[2018.03.02-06.52.28:147][  0]LogInit: CPU Page size=4096, Cores=4
[2018.03.02-06.52.28:147][  0]LogInit: High frequency timer resolution =3.312786 MHz
[2018.03.02-06.52.28:148][  0]LogMemory: Memory total: Physical=8.0GB (8GB approx)
[2018.03.02-06.52.28:148][  0]LogMemory: Platform Memory Stats for Windows
[2018.03.02-06.52.28:148][  0]LogMemory: Process Physical Memory: 272.68 MB used, 272.68 MB peak
[2018.03.02-06.52.28:148][  0]LogMemory: Process Virtual Memory: 263.68 MB used, 263.68 MB peak
[2018.03.02-06.52.28:148][  0]LogMemory: Physical Memory: 3930.23 MB used,  4226.82 MB free, 8157.05 MB total
[2018.03.02-06.52.28:148][  0]LogMemory: Virtual Memory: 670.28 MB used,  4226.82 MB free, 134217728.00 MB total
[2018.03.02-06.52.28:618][  0]LogInit: Overriding language with editor language configuration option (ko).
[2018.03.02-06.52.28:618][  0]LogInit: Overriding locale with editor locale configuration option (ko).
[2018.03.02-06.52.28:939][  0]LogInit: Setting process to per monitor DPI aware
[2018.03.02-06.52.31:506][  0]LogD3D11RHI: D3D11 adapters:
[2018.03.02-06.52.31:572][  0]LogD3D11RHI:    0. 'NVIDIA GeForce GTX 560 Ti' (Feature Level 11_0)
[2018.03.02-06.52.31:572][  0]LogD3D11RHI:       979/0/4078 MB DedicatedVideo/DedicatedSystem/SharedSystem, Outputs:2, VendorId:0x10de
[2018.03.02-06.52.31:576][  0]LogD3D11RHI:    1. 'Microsoft Basic Render Driver' (Feature Level 11_0)
[2018.03.02-06.52.31:576][  0]LogD3D11RHI:       0/0/4078 MB DedicatedVideo/DedicatedSystem/SharedSystem, Outputs:0, VendorId:0x1414
[2018.03.02-06.52.31:576][  0]LogD3D11RHI: Chosen D3D11 Adapter: 0
[2018.03.02-06.52.31:584][  0]LogD3D11RHI: Creating new Direct3DDevice
[2018.03.02-06.52.31:584][  0]LogD3D11RHI:     GPU DeviceId: 0x1200 (for the marketing name, search the web for "GPU Device Id")
[2018.03.02-06.52.31:584][  0]LogWindows: EnumDisplayDevices:
[2018.03.02-06.52.31:585][  0]LogWindows:    0. 'NVIDIA GeForce GTX 560 Ti' (P:0 D:1)
[2018.03.02-06.52.31:585][  0]LogWindows:    1. 'NVIDIA GeForce GTX 560 Ti' (P:1 D:1)
[2018.03.02-06.52.31:586][  0]LogWindows: DebugString: GetVideoDriverDetailsInvalid PrimaryIsNotTheChoosenAdapter GetVideoDriverDetailsInvalid PrimaryIsNotTheChoosenAdapter FoundDriverCount:0 
[2018.03.02-06.52.31:586][  0]LogD3D11RHI:     Adapter Name: NVIDIA GeForce GTX 560 Ti
[2018.03.02-06.52.31:586][  0]LogD3D11RHI:   Driver Version: Unknown (internal:Unknown, unified:Unknown)
[2018.03.02-06.52.31:586][  0]LogD3D11RHI:      Driver Date: Unknown
[2018.03.02-06.52.31:586][  0]LogRHI: Texture pool is 685 MB (70% of 979 MB)
[2018.03.02-06.52.31:632][  0]LogD3D11RHI: Display: Timestamp queries are currently disabled on this hardware due to instability. Realtime GPU stats will not be available. You can override this behaviour by setting r.NVIDIATimestampWorkaround to 0
[2018.03.02-06.52.31:633][  0]LogD3D11RHI: Async texture creation enabled
[2018.03.02-06.52.31:664][  0]LogD3D11RHI: GPU Timing Frequency: 1000.000000 (Debug: 2 1)
[2018.03.02-06.52.31:675][  0]LogShaderCompilers: Guid format shader working directory is 6 characters bigger than the processId version (F:/UE4 Tutorials/FarmDefence/FarmDefence/Intermediate/Shaders/WorkingDirectory/8548/).
[2018.03.02-06.52.31:675][  0]LogShaderCompilers: Cleaned the shader compiler working directory 'C:/Users/oldcl/AppData/Local/Temp/UnrealShaderWorkingDir/44095EB04295E0476281DC98C8894406/'.
[2018.03.02-06.52.31:675][  0]LogShaderCompilers: Display: Using Local Shader Compiler.
[2018.03.02-06.52.34:202][  0]LogTemp: Display: Loaded TP AllDesktopTargetPlatform
[2018.03.02-06.52.34:294][  0]LogTemp: Display: Loaded TP MacClientTargetPlatform
[2018.03.02-06.52.34:390][  0]LogTemp: Display: Loaded TP MacNoEditorTargetPlatform
[2018.03.02-06.52.34:486][  0]LogTemp: Display: Loaded TP MacServerTargetPlatform
[2018.03.02-06.52.34:587][  0]LogTemp: Display: Loaded TP MacTargetPlatform
[2018.03.02-06.52.34:692][  0]LogTemp: Display: Loaded TP WindowsClientTargetPlatform
[2018.03.02-06.52.34:792][  0]LogTemp: Display: Loaded TP WindowsNoEditorTargetPlatform
[2018.03.02-06.52.34:886][  0]LogTemp: Display: Loaded TP WindowsServerTargetPlatform
[2018.03.02-06.52.34:974][  0]LogTemp: Display: Loaded TP WindowsTargetPlatform
[2018.03.02-06.52.35:069][  0]LogTemp: Display: Loaded TP Android_ASTCTargetPlatform
[2018.03.02-06.52.35:162][  0]LogTemp: Display: Loaded TP Android_ATCTargetPlatform
[2018.03.02-06.52.35:254][  0]LogTemp: Display: Loaded TP Android_DXTTargetPlatform
[2018.03.02-06.52.35:346][  0]LogTemp: Display: Loaded TP Android_ETC1TargetPlatform
[2018.03.02-06.52.35:437][  0]LogTemp: Display: Loaded TP Android_ETC2TargetPlatform
[2018.03.02-06.52.35:617][  0]LogTemp: Display: Loaded TP Android_MultiTargetPlatform
[2018.03.02-06.52.35:617][  0]LogTemp: Display: Loaded TP Android_PVRTCTargetPlatform
[2018.03.02-06.52.35:720][  0]LogTemp: Display: Loaded TP AndroidTargetPlatform
[2018.03.02-06.52.35:795][  0]LogTemp: Display: Loaded TP HTML5TargetPlatform
[2018.03.02-06.52.35:947][  0]LogTemp: Display: Loaded TP IOSTargetPlatform
[2018.03.02-06.52.35:996][  0]LogTemp: Display: Loaded TP TVOSTargetPlatform
[2018.03.02-06.52.36:092][  0]LogTemp: Display: Loaded TP LinuxClientTargetPlatform
[2018.03.02-06.52.36:182][  0]LogTemp: Display: Loaded TP LinuxNoEditorTargetPlatform
[2018.03.02-06.52.36:279][  0]LogTemp: Display: Loaded TP LinuxServerTargetPlatform
[2018.03.02-06.52.36:378][  0]LogTemp: Display: Loaded TP LinuxTargetPlatform
[2018.03.02-06.52.36:378][  0]LogTargetPlatformManager: Display: Building Assets For Windows
[2018.03.02-06.52.37:343][  0]LogDerivedDataCache: Display: Max Cache Size: 512 MB
[2018.03.02-06.52.37:635][  0]LogDerivedDataCache: Loaded boot cache 0.29s 78MB C:/Users/oldcl/AppData/Local/UnrealEngine/4.18/DerivedDataCache/Boot.ddc.
[2018.03.02-06.52.37:635][  0]LogDerivedDataCache: Display: Loaded Boot cache: C:/Users/oldcl/AppData/Local/UnrealEngine/4.18/DerivedDataCache/Boot.ddc
[2018.03.02-06.52.37:635][  0]LogDerivedDataCache: FDerivedDataBackendGraph:  Pak pak cache file F:/UE4 Tutorials/FarmDefence/FarmDefence/DerivedDataCache/DDC.ddp not found, will not use a pak cache.
[2018.03.02-06.52.37:635][  0]LogDerivedDataCache: Unable to find inner node Pak for hierarchical cache Hierarchy.
[2018.03.02-06.52.37:635][  0]LogDerivedDataCache: FDerivedDataBackendGraph:  CompressedPak pak cache file F:/UE4 Tutorials/FarmDefence/FarmDefence/DerivedDataCache/Compressed.ddp not found, will not use a pak cache.
[2018.03.02-06.52.37:635][  0]LogDerivedDataCache: Unable to find inner node CompressedPak for hierarchical cache Hierarchy.
[2018.03.02-06.52.37:663][  0]LogDerivedDataCache: Display: Pak cache opened for reading ../../../Engine/DerivedDataCache/Compressed.ddp.
[2018.03.02-06.52.37:676][  0]LogDerivedDataCache: Using Local data cache path C:/Users/oldcl/AppData/Local/UnrealEngine/Common/DerivedDataCache: Writable
[2018.03.02-06.52.37:694][  0]LogMaterial: Verifying Global Shaders for PCD3D_SM5
[2018.03.02-06.52.37:699][  0]LogSlate: Using Freetype 2.6.0
[2018.03.02-06.52.37:711][  0]LogSlate: SlateFontCache - WITH_FREETYPE: 1, WITH_HARFBUZZ: 1
[2018.03.02-06.52.37:711][  0]LogSlate: SlateFontCache - WITH_FREETYPE: 1, WITH_HARFBUZZ: 1
[2018.03.02-06.52.38:714][  0]LogInit: Selected Device Profile: [Windows]
[2018.03.02-06.52.39:492][  0]LogSimplygon: Simplygon DLL not present - disabling.
[2018.03.02-06.52.39:571][  0]LogMeshReduction: Using SimplygonSwarm for distributed automatic mesh merging
[2018.03.02-06.52.39:571][  0]LogMeshReduction: Using QuadricMeshReduction for automatic static mesh reduction
[2018.03.02-06.52.39:571][  0]LogMeshReduction: No automatic skeletal mesh reduction module available
[2018.03.02-06.52.39:571][  0]LogMeshReduction: No automatic mesh merging module available
[2018.03.02-06.52.39:571][  0]LogMeshMerging: No automatic mesh merging module available
[2018.03.02-06.52.39:654][  0]LogNetVersion: FarmDefence , NetCL: 3709383, EngineNetVer: 2, GameNetVer: 0 (Checksum: 2370882727)
[2018.03.02-06.52.40:156][  0]LogAssetRegistry: FAssetRegistry took 0.0318 seconds to start up
[2018.03.02-06.52.41:503][  0]LogPackageLocalizationCache: Processed 7 localized package path(s) for 1 prioritized culture(s) in 0.136650 seconds
[2018.03.02-06.52.41:510][  0]LogUObjectArray: 35870 objects as part of root set at end of initial load.
[2018.03.02-06.52.41:510][  0]LogUObjectAllocator: 7363704 out of 0 bytes used by permanent object pool.
[2018.03.02-06.52.41:510][  0]LogUObjectArray: CloseDisregardForGC: 0/0 objects in disregard for GC pool
[2018.03.02-06.52.41:616][  0]LogInit: WinSock: version 1.1 (2.2), MaxSocks=32767, MaxUdp=65467
[2018.03.02-06.52.48:645][  0]LogTcpMessaging: Initializing TcpMessaging bridge
[2018.03.02-06.52.48:719][  0]LogUdpMessaging: Initializing bridge on interface 0.0.0.0:0 to multicast group 230.0.0.1:6666.
[2018.03.02-06.52.50:187][  0]LogMaterial: Uniform references updated for custom material expression Custom.
[2018.03.02-06.52.51:086][  0]SourceControl: 소스 콘트롤이 꺼졌습니다.
[2018.03.02-06.52.51:086][  0]SourceControl: 소스 콘트롤이 꺼졌습니다.
[2018.03.02-06.52.51:199][  0]SourceControl: 소스 콘트롤이 꺼졌습니다.
[2018.03.02-06.52.51:305][  0]SourceControl: 소스 콘트롤이 꺼졌습니다.
[2018.03.02-06.52.52:942][  0]LogAndroidPermission: UAndroidPermissionCallbackProxy::GetInstance
[2018.03.02-06.52.53:476][  0]LogOcInput: OculusInput pre-init called
[2018.03.02-06.52.54:047][  0]LogEngine: Initializing Engine...
[2018.03.02-06.52.54:054][  0]LogHMD: Failed to initialize OpenVR with code 110
[2018.03.02-06.52.54:522][  0]LogStats: UGameplayTagsManager::ConstructGameplayTagTree: Construct from data asset -  0.000 s
[2018.03.02-06.52.54:523][  0]LogStats: UGameplayTagsManager::ConstructGameplayTagTree: GameplayTagTreeChangedEvent.Broadcast -  0.000 s
[2018.03.02-06.52.54:810][  0]LogAIModule: Creating AISystem for world Untitled
[2018.03.02-06.52.54:841][  0]LogInit: XAudio2 using '스피커(Realtek High Definition Audio)' : 2 channels at 48 kHz using 32 bits per sample (channel mask 0x3)
[2018.03.02-06.52.54:970][  0]LogInit: FAudioDevice initialized.
[2018.03.02-06.52.55:052][  0]LogDerivedDataCache: Saved boot cache 0.08s 78MB C:/Users/oldcl/AppData/Local/UnrealEngine/4.18/DerivedDataCache/Boot.ddc.
[2018.03.02-06.52.55:065][  0]LogInit: Texture streaming: Enabled
[2018.03.02-06.52.55:261][  0]LogEngineSessionManager: EngineSessionManager initialized
[2018.03.02-06.52.55:512][  0]LogInit: Transaction tracking system initialized
[2018.03.02-06.52.56:163][  0]BlueprintLog: New page: 에디터 로드
[2018.03.02-06.52.57:959][  0]LocalizationService: 현지화 서비스가 비활성화되었습니다.
[2018.03.02-06.52.59:756][  0]LogConsoleResponse: Display: 
[2018.03.02-06.53.00:419][  0]LogFileCache: Scanning file cache for directory 'F:/UE4 Tutorials/FarmDefence/FarmDefence/Content/' took 0.02s
[2018.03.02-06.53.00:419][  0]LogCook: Display: Max memory allowance for cook 16384mb min free memory 0mb
[2018.03.02-06.53.00:420][  0]LogCook: Display: Mobile HDR setting 0
[2018.03.02-06.53.00:420][  0]LogGameplayTags: Display: UGameplayTagsManager::DoneAddingNativeTags. DelegateIsBound: 0
[2018.03.02-06.53.02:852][  0]SourceControl: 소스 콘트롤이 꺼졌습니다.
[2018.03.02-06.53.02:853][  0]Cmd: MAP LOAD FILE="F:/UE4 Tutorials/FarmDefence/FarmDefence/Content/RegionSystemAssets/Contents/RatipFarm/RatipFarm_Persistent.umap" TEMPLATE=0 SHOWPROGRESS=1 FEATURELEVEL=3
[2018.03.02-06.53.02:854][  0]LightingResults: New page: 라이팅 빌드
[2018.03.02-06.53.02:941][  0]MapCheck: New page: 맵 체크
[2018.03.02-06.53.02:942][  0]LightingResults: New page: 라이팅 빌드
[2018.03.02-06.53.03:681][  0]LogAIModule: Creating AISystem for world RatipFarm_Persistent
[2018.03.02-06.53.03:707][  0]LogEditorServer: Finished looking for orphan Actors (0.000 secs)
[2018.03.02-06.53.03:729][  0]Cmd: MAP CHECKDEP NOCLEARLOG
[2018.03.02-06.53.03:814][  0]MapCheck: 맵 체크 완료: 오류 0 회, 경고 0 회, 소요 시간 84.983ms.
[2018.03.02-06.53.03:815][  0]LogFileHelpers: Loading map 'RatipFarm_Persistent' took 0.962
[2018.03.02-06.53.04:224][  0]LogCollectionManager: Loaded 1 collections in 0.007902 seconds
[2018.03.02-06.53.04:360][  0]LogFileCache: Scanning file cache for directory 'F:/UE4 Tutorials/FarmDefence/FarmDefence/Saved/Collections/' took 0.01s
[2018.03.02-06.53.04:360][  0]LogFileCache: Scanning file cache for directory 'F:/UE4 Tutorials/FarmDefence/FarmDefence/Content/Developers/oldcl/Collections/' took 0.01s
[2018.03.02-06.53.04:360][  0]LogFileCache: Scanning file cache for directory 'F:/UE4 Tutorials/FarmDefence/FarmDefence/Content/Collections/' took 0.01s
[2018.03.02-06.53.04:360][  0]LogCollectionManager: Rebuilt the GUID cache for 1 collections in 0.000004 seconds
[2018.03.02-06.53.04:360][  0]LogCollectionManager: Rebuilt the hierarchy cache for 1 collections in 0.000001 seconds
[2018.03.02-06.53.04:376][  0]LogContentBrowser: Native class hierarchy populated in 0.0144 seconds. Added 2366 classes and 525 folders.
[2018.03.02-06.53.04:510][  0]LogContentBrowser: Native class hierarchy updated for 'WidgetCarousel' in 0.0010 seconds. Added 0 classes and 0 folders.
[2018.03.02-06.53.04:926][  0]LogContentBrowser: Native class hierarchy updated for 'AddContentDialog' in 0.0011 seconds. Added 0 classes and 0 folders.
[2018.03.02-06.53.05:028][  0]LogContentBrowser: Native class hierarchy updated for 'SceneOutliner' in 0.0011 seconds. Added 1 classes and 2 folders.
[2018.03.02-06.53.05:257][  0]LogSlate: Took 0.006980 seconds to synchronously load lazily loaded font '../../../Engine/Content/Slate/Fonts/Roboto-Regular.ttf' (155K)
[2018.03.02-06.53.05:279][  0]LogSlate: Took 0.020025 seconds to synchronously load lazily loaded font '../../../Engine/Content/Slate/Fonts/NanumGothic.ttf' (4243K)
[2018.03.02-06.53.05:288][  0]LogSlate: Took 0.005130 seconds to synchronously load lazily loaded font '../../../Engine/Content/Slate/Fonts/Roboto-Bold.ttf' (160K)
[2018.03.02-06.53.05:298][  0]LogSlate: Took 0.005085 seconds to synchronously load lazily loaded font '../../../Engine/Content/Editor/Slate/Fonts/FontAwesome.ttf' (139K)
[2018.03.02-06.53.05:550][  0]LogRenderer: Reallocating scene render targets to support 864x432 Format 9 NumSamples 1 (Frame:1).
[2018.03.02-06.53.05:812][  0]LogContentBrowser: Native class hierarchy updated for 'HierarchicalLODOutliner' in 0.0011 seconds. Added 1 classes and 2 folders.
[2018.03.02-06.53.05:812][  0]LogLoad: (Engine Initialization) Total time: 44.24 seconds
[2018.03.02-06.53.05:812][  0]LogLoad: (Engine Initialization) Total Blueprint compile time: 0.00 seconds
[2018.03.02-06.53.05:813][  0]LogExternalProfiler: No external profilers were discovered.  External profiling features will not be available.
[2018.03.02-06.53.06:185][  0]LogContentStreaming: Texture pool size now 600 MB
[2018.03.02-06.53.06:266][  0]LogSlate: Took 0.004933 seconds to synchronously load lazily loaded font '../../../Engine/Content/Slate/Fonts/Roboto-Light.ttf' (159K)
[2018.03.02-06.53.06:507][  1]LogAssetRegistry: Asset discovery search completed in 26.3736 seconds
[2018.03.02-06.53.06:509][  1]LogCollectionManager: Rebuilt the object cache for 1 collections in 0.000012 seconds (found 1 objects)
[2018.03.02-06.53.06:509][  1]LogCollectionManager: Fixed up redirectors for 1 collections in 0.000087 seconds (updated 0 objects)
[2018.03.02-07.10.48:305][848]LogEditorViewport: Clicking on Actor (LMB): StaticMeshActor (M_BG_01)
[2018.03.02-07.10.49:024][903]LogEditorViewport: Clicking on Actor (LMB): StaticMeshActor (SM_Fence)
[2018.03.02-07.10.50:457][ 38]Cmd: DUPLICATE
[2018.03.02-07.10.50:458][ 38]Cmd: ACTOR DUPLICATE
[2018.03.02-07.10.51:427][126]Cmd: TRANSACTION UNDO
[2018.03.02-07.10.51:428][126]LogEditorTransaction: Undo 액터 복제
[2018.03.02-07.10.51:465][126]LogSlate: Took 0.000325 seconds to synchronously load lazily loaded font '../../../Engine/Content/Slate/Fonts/Roboto-Light.ttf' (159K)
[2018.03.02-07.11.00:913][340]LogEditorViewport: Clicking on Actor (LMB): StaticMeshActor (M_BG_01)
[2018.03.02-07.11.01:691][413]Cmd: EDIT PASTE
[2018.03.02-07.11.02:409][479]Cmd: TRANSACTION UNDO
[2018.03.02-07.11.02:409][479]LogEditorTransaction: Undo 붙여넣기
[2018.03.02-07.11.03:318][552]LogEditorViewport: Clicking on Actor (LMB): StaticMeshActor (SM_Fence)
[2018.03.02-07.11.03:781][590]Cmd: EDIT COPY
[2018.03.02-07.11.04:133][623]Cmd: EDIT PASTE
[2018.03.02-07.11.04:718][672]Cmd: TRANSACTION UNDO
[2018.03.02-07.11.04:718][672]LogEditorTransaction: Undo 붙여넣기
[2018.03.02-07.11.05:937][785]LogEditorViewport: Clicking on Actor (LMB): StaticMeshActor (SM_Fence)
[2018.03.02-07.11.31:643][988]LogSlate: Took 0.000205 seconds to synchronously load lazily loaded font '../../../Engine/Content/Slate/Fonts/Roboto-Light.ttf' (159K)
[2018.03.02-07.11.31:675][988]LogFileHelpers: Editor autosave (incl. sublevels) for '/Game/RegionSystemAssets/Contents/RatipFarm/RatipFarm_Persistent' took 0.016
[2018.03.02-07.11.57:281][ 96]LogEditorViewport: Clicking on Actor (LMB): StaticMeshActor (M_BG_01)
[2018.03.02-07.11.57:824][147]LogEditorViewport: Clicking on Actor (LMB): StaticMeshActor (SM_Fence)
[2018.03.02-07.11.58:326][191]Cmd: EDIT COPY
[2018.03.02-07.12.06:974][279]LogEditorViewport: Clicking on Actor (LMB): StaticMeshActor (M_BG_01)
[2018.03.02-07.12.07:797][358]LogEditorViewport: Clicking on Actor (LMB): BP_Sky_Sphere_C (BP_Sky_Sphere)
[2018.03.02-07.12.08:116][389]Cmd: EDIT PASTE
[2018.03.02-07.12.09:112][482]Cmd: TRANSACTION UNDO
[2018.03.02-07.12.09:112][482]LogEditorTransaction: Undo 붙여넣기
[2018.03.02-07.12.36:454][618]LogEditorViewport: Clicking on Actor (LMB): StaticMeshActor (M_BG_01)
[2018.03.02-07.12.38:870][850]LogRenderer: Reallocating scene render targets to support 864x460 Format 9 NumSamples 1 (Frame:7600).
[2018.03.02-07.12.38:912][851]LogRenderer: Reallocating scene render targets to support 864x504 Format 9 NumSamples 1 (Frame:7602).
[2018.03.02-07.12.38:960][852]LogRenderer: Reallocating scene render targets to support 864x544 Format 9 NumSamples 1 (Frame:7604).
[2018.03.02-07.12.39:021][853]LogRenderer: Reallocating scene render targets to support 864x564 Format 9 NumSamples 1 (Frame:7606).
[2018.03.02-07.19.40:167][413]LogWindows: LaunchURL http://docs.unrealengine.com/latest/KOR/Engine/Rendering/LightingAndShadows/LightTypes/SkyLight/index.html?utm_source=editor&utm_medium=docs&utm_campaign=rich_tooltips
[2018.03.02-07.21.35:573][790]LogSavePackage: Save=27.04ms
[2018.03.02-07.21.35:573][790]LogSavePackage: Moving 'F:/UE4 Tutorials/FarmDefence/FarmDefence/Saved/RatipFarm_Persistent_Auto12D020C4D41B504E8DCE6299192153101.tmp' to 'F:/UE4 Tutorials/FarmDefence/FarmDefence/Saved/Autosaves/Game/RegionSystemAssets/Contents/RatipFarm/RatipFarm_Persistent_Auto1.umap'
[2018.03.02-07.21.35:574][790]LogSavePackage: Display: Finished SavePackage F:/UE4 Tutorials/FarmDefence/FarmDefence/Saved/Autosaves/Game/RegionSystemAssets/Contents/RatipFarm/RatipFarm_Persistent_Auto1.umap
[2018.03.02-07.21.35:580][790]LogFileHelpers: Editor autosave (incl. sublevels) for '/Game/RegionSystemAssets/Contents/RatipFarm/RatipFarm_Persistent' took 0.288
[2018.03.02-07.21.35:580][790]LogFileHelpers: Editor autosave (incl. sublevels) for all levels took 0.288
